
> note-taking-app@1.0.0 dev
> vite


  VITE v5.4.21  ready in 89 ms

  ➜  Local:   http://localhost:5173/
  ➜  Network: use --host to expose
10:35:52 PM [vite] hmr update /src/components/notes/NoteToolbar.jsx
10:35:53 PM [vite] hmr update /src/components/layout/Layout.jsx
10:35:55 PM [vite] hmr update /src/context/NotesContext.jsx
10:35:55 PM [vite] hmr invalidate /src/context/NotesContext.jsx Could not Fast Refresh ("useNotes" export is incompatible). Learn more at https://github.com/vitejs/vite-plugin-react/tree/main/packages/plugin-react#consistent-components-exports
10:35:55 PM [vite] hmr update /src/App.jsx, /src/components/layout/Header.jsx, /src/components/layout/Sidebar.jsx, /src/components/notes/NoteEditor.jsx, /src/components/folders/NoteItem.jsx, /src/components/folders/FolderItem.jsx, /src/components/notes/NoteToolbar.jsx
10:35:59 PM [vite] hmr update /src/components/notes/NoteToolbar.css
10:36:14 PM [vite] hmr update /src/components/notes/NoteToolbar.css
10:36:14 PM [vite] hmr update /src/components/notes/NoteToolbar.jsx
10:36:14 PM [vite] hmr update /src/context/NotesContext.jsx
10:36:14 PM [vite] hmr invalidate /src/context/NotesContext.jsx Could not Fast Refresh ("useNotes" export is incompatible). Learn more at https://github.com/vitejs/vite-plugin-react/tree/main/packages/plugin-react#consistent-components-exports
10:36:14 PM [vite] hmr update /src/App.jsx, /src/components/layout/Header.jsx, /src/components/layout/Sidebar.jsx, /src/components/notes/NoteEditor.jsx, /src/components/folders/NoteItem.jsx, /src/components/folders/FolderItem.jsx, /src/components/notes/NoteToolbar.jsx
10:37:34 PM [vite] hmr update /src/components/notes/NoteToolbar.jsx
10:37:41 PM [vite] hmr update /src/components/notes/NoteToolbar.jsx
10:37:42 PM [vite] hmr update /src/components/notes/NoteToolbar.jsx
10:37:50 PM [vite] hmr update /src/components/notes/NoteToolbar.jsx
10:38:06 PM [vite] hmr update /src/components/notes/NoteToolbar.css
10:38:18 PM [vite] hmr update /src/components/notes/NoteToolbar.jsx
10:38:18 PM [vite] hmr update /src/components/notes/NoteToolbar.css
10:38:23 PM [vite] hmr update /src/components/notes/NoteToolbar.jsx
10:38:23 PM [vite] hmr update /src/context/NotesContext.jsx
10:38:23 PM [vite] hmr update /src/components/notes/NoteToolbar.css
10:38:23 PM [vite] hmr invalidate /src/context/NotesContext.jsx Could not Fast Refresh ("useNotes" export is incompatible). Learn more at https://github.com/vitejs/vite-plugin-react/tree/main/packages/plugin-react#consistent-components-exports
10:38:23 PM [vite] hmr update /src/App.jsx, /src/components/layout/Header.jsx, /src/components/layout/Sidebar.jsx, /src/components/notes/NoteEditor.jsx, /src/components/folders/NoteItem.jsx, /src/components/folders/FolderItem.jsx, /src/components/notes/NoteToolbar.jsx
10:39:52 PM [vite] hmr update /src/components/folders/NoteItem.jsx
10:40:07 PM [vite] hmr update /src/components/folders/NoteItem.css
10:40:26 PM [vite] hmr update /src/components/folders/NoteItem.jsx
10:40:26 PM [vite] hmr update /src/components/folders/NoteItem.css
10:43:56 PM [vite] hmr update /src/components/notes/NoteToolbar.jsx
10:43:58 PM [vite] hmr update /src/context/NotesContext.jsx
10:43:58 PM [vite] hmr invalidate /src/context/NotesContext.jsx Could not Fast Refresh ("useNotes" export is incompatible). Learn more at https://github.com/vitejs/vite-plugin-react/tree/main/packages/plugin-react#consistent-components-exports
10:43:58 PM [vite] hmr update /src/App.jsx, /src/components/layout/Header.jsx, /src/components/layout/Sidebar.jsx, /src/components/notes/NoteEditor.jsx, /src/components/folders/NoteItem.jsx, /src/components/folders/FolderItem.jsx, /src/components/notes/NoteToolbar.jsx
10:43:59 PM [vite] hmr update /src/components/notes/NoteToolbar.css
10:44:00 PM [vite] hmr update /src/components/folders/NoteItem.jsx
10:44:01 PM [vite] hmr update /src/components/folders/NoteItem.css
10:46:41 PM [vite] hmr update /src/context/NotesContext.jsx
10:46:41 PM [vite] hmr invalidate /src/context/NotesContext.jsx Could not Fast Refresh ("useNotes" export is incompatible). Learn more at https://github.com/vitejs/vite-plugin-react/tree/main/packages/plugin-react#consistent-components-exports
10:46:41 PM [vite] hmr update /src/App.jsx, /src/components/layout/Header.jsx, /src/components/layout/Sidebar.jsx, /src/components/notes/NoteEditor.jsx, /src/components/folders/NoteItem.jsx, /src/components/folders/FolderItem.jsx, /src/components/notes/NoteToolbar.jsx
10:46:44 PM [vite] hmr update /src/context/NotesContext.jsx
10:46:44 PM [vite] hmr invalidate /src/context/NotesContext.jsx Could not Fast Refresh ("useNotes" export is incompatible). Learn more at https://github.com/vitejs/vite-plugin-react/tree/main/packages/plugin-react#consistent-components-exports
10:46:44 PM [vite] hmr update /src/App.jsx, /src/components/layout/Header.jsx, /src/components/layout/Sidebar.jsx, /src/components/notes/NoteEditor.jsx, /src/components/folders/NoteItem.jsx, /src/components/folders/FolderItem.jsx, /src/components/notes/NoteToolbar.jsx
10:46:51 PM [vite] hmr update /src/context/NotesContext.jsx
10:46:51 PM [vite] hmr invalidate /src/context/NotesContext.jsx Could not Fast Refresh ("useNotes" export is incompatible). Learn more at https://github.com/vitejs/vite-plugin-react/tree/main/packages/plugin-react#consistent-components-exports
10:46:51 PM [vite] hmr update /src/App.jsx, /src/components/layout/Header.jsx, /src/components/layout/Sidebar.jsx, /src/components/notes/NoteEditor.jsx, /src/components/folders/NoteItem.jsx, /src/components/folders/FolderItem.jsx, /src/components/notes/NoteToolbar.jsx
10:46:54 PM [vite] hmr update /src/context/NotesContext.jsx
10:46:54 PM [vite] hmr invalidate /src/context/NotesContext.jsx Could not Fast Refresh ("useNotes" export is incompatible). Learn more at https://github.com/vitejs/vite-plugin-react/tree/main/packages/plugin-react#consistent-components-exports
10:46:54 PM [vite] hmr update /src/App.jsx, /src/components/layout/Header.jsx, /src/components/layout/Sidebar.jsx, /src/components/notes/NoteEditor.jsx, /src/components/folders/NoteItem.jsx, /src/components/folders/FolderItem.jsx, /src/components/notes/NoteToolbar.jsx
10:46:56 PM [vite] hmr update /src/context/NotesContext.jsx
10:46:56 PM [vite] hmr invalidate /src/context/NotesContext.jsx Could not Fast Refresh ("useNotes" export is incompatible). Learn more at https://github.com/vitejs/vite-plugin-react/tree/main/packages/plugin-react#consistent-components-exports
10:46:56 PM [vite] hmr update /src/App.jsx, /src/components/layout/Header.jsx, /src/components/layout/Sidebar.jsx, /src/components/notes/NoteEditor.jsx, /src/components/folders/NoteItem.jsx, /src/components/folders/FolderItem.jsx, /src/components/notes/NoteToolbar.jsx
10:47:03 PM [vite] hmr update /src/components/folders/NoteItem.jsx
10:47:07 PM [vite] hmr update /src/components/folders/NoteItem.jsx
10:47:14 PM [vite] hmr update /src/components/folders/FolderItem.jsx
10:47:30 PM [vite] hmr update /src/components/folders/FolderItem.jsx
10:47:34 PM [vite] hmr update /src/components/folders/FolderItem.jsx
10:47:48 PM [vite] hmr update /src/components/layout/Sidebar.jsx
10:47:52 PM [vite] hmr update /src/components/layout/Sidebar.css
10:47:55 PM [vite] hmr update /src/components/folders/NoteItem.css
10:47:56 PM [vite] hmr update /src/components/folders/FolderItem.css
10:48:14 PM [vite] hmr update /src/components/folders/FolderItem.jsx
10:48:28 PM [vite] hmr update /src/context/NotesContext.jsx
10:48:28 PM [vite] hmr update /src/components/folders/FolderItem.css
10:48:28 PM [vite] hmr update /src/context/NotesContext.jsx
10:48:28 PM [vite] hmr update /src/context/NotesContext.jsx
10:48:28 PM [vite] hmr update /src/components/folders/FolderItem.jsx
10:48:28 PM [vite] hmr update /src/components/folders/NoteItem.jsx
10:48:28 PM [vite] hmr update /src/components/layout/Sidebar.css
10:48:28 PM [vite] hmr update /src/components/layout/Sidebar.jsx
10:48:28 PM [vite] hmr update /src/components/folders/NoteItem.css
10:48:28 PM [vite] hmr invalidate /src/context/NotesContext.jsx Could not Fast Refresh ("useNotes" export is incompatible). Learn more at https://github.com/vitejs/vite-plugin-react/tree/main/packages/plugin-react#consistent-components-exports
10:48:28 PM [vite] hmr update /src/App.jsx, /src/components/layout/Header.jsx, /src/components/layout/Sidebar.jsx, /src/components/notes/NoteEditor.jsx, /src/components/folders/NoteItem.jsx, /src/components/folders/FolderItem.jsx, /src/components/notes/NoteToolbar.jsx
10:57:08 PM [vite] hmr update /src/components/layout/Sidebar.jsx
10:57:14 PM [vite] hmr update /src/components/layout/Sidebar.jsx
11:00:15 PM [vite] hmr update /src/components/layout/Sidebar.jsx
11:00:17 PM [vite] hmr update /src/components/layout/Sidebar.jsx
11:00:20 PM [vite] hmr update /src/components/folders/FolderTree.jsx
11:00:22 PM [vite] hmr update /src/components/folders/FolderItem.jsx
11:00:26 PM [vite] hmr update /src/components/folders/FolderItem.jsx
11:00:28 PM [vite] hmr update /src/components/folders/FolderItem.jsx
11:00:37 PM [vite] hmr update /src/components/folders/NoteItem.jsx
11:00:42 PM [vite] hmr update /src/components/folders/NoteItem.jsx
11:00:53 PM [vite] hmr update /src/components/folders/NoteItem.jsx
11:00:53 PM [vite] hmr update /src/components/folders/FolderItem.jsx
11:00:53 PM [vite] hmr update /src/components/layout/Sidebar.jsx
11:00:53 PM [vite] hmr update /src/components/folders/FolderTree.jsx
11:01:16 PM [vite] hmr update /src/components/layout/Sidebar.jsx
11:01:20 PM [vite] hmr update /src/context/NotesContext.jsx
11:01:20 PM [vite] hmr invalidate /src/context/NotesContext.jsx Could not Fast Refresh ("useNotes" export is incompatible). Learn more at https://github.com/vitejs/vite-plugin-react/tree/main/packages/plugin-react#consistent-components-exports
11:01:20 PM [vite] hmr update /src/App.jsx, /src/components/layout/Header.jsx, /src/components/layout/Sidebar.jsx, /src/components/notes/NoteEditor.jsx, /src/components/folders/NoteItem.jsx, /src/components/folders/FolderItem.jsx, /src/components/notes/NoteToolbar.jsx
11:01:20 PM [vite] hmr update /src/context/NotesContext.jsx
11:01:20 PM [vite] hmr invalidate /src/context/NotesContext.jsx Could not Fast Refresh ("useNotes" export is incompatible). Learn more at https://github.com/vitejs/vite-plugin-react/tree/main/packages/plugin-react#consistent-components-exports
11:01:20 PM [vite] hmr update /src/App.jsx, /src/components/layout/Header.jsx, /src/components/layout/Sidebar.jsx, /src/components/notes/NoteEditor.jsx, /src/components/folders/NoteItem.jsx, /src/components/folders/FolderItem.jsx, /src/components/notes/NoteToolbar.jsx
11:01:21 PM [vite] hmr update /src/context/NotesContext.jsx
11:01:21 PM [vite] hmr invalidate /src/context/NotesContext.jsx Could not Fast Refresh ("useNotes" export is incompatible). Learn more at https://github.com/vitejs/vite-plugin-react/tree/main/packages/plugin-react#consistent-components-exports
11:01:21 PM [vite] hmr update /src/App.jsx, /src/components/layout/Header.jsx, /src/components/layout/Sidebar.jsx, /src/components/notes/NoteEditor.jsx, /src/components/folders/NoteItem.jsx, /src/components/folders/FolderItem.jsx, /src/components/notes/NoteToolbar.jsx
11:01:21 PM [vite] hmr update /src/components/layout/Sidebar.css
11:01:21 PM [vite] hmr update /src/components/folders/NoteItem.css
11:01:22 PM [vite] hmr update /src/components/folders/FolderItem.css
11:01:22 PM [vite] hmr update /src/components/folders/FolderTree.jsx
11:01:23 PM [vite] hmr update /src/components/folders/FolderItem.jsx
11:01:24 PM [vite] hmr update /src/components/folders/NoteItem.jsx
